<?xml version="1.0" encoding="UTF-8"?>
<testng-results skipped="0" failed="0" ignored="0" total="5" passed="5">
  <reporter-output>
  </reporter-output>
  <suite name="Suite" duration-ms="158742" started-at="2018-05-24T09:57:23Z" finished-at="2018-05-24T10:00:02Z">
    <groups>
    </groups>
    <test name="Test" duration-ms="158742" started-at="2018-05-24T09:57:23Z" finished-at="2018-05-24T10:00:02Z">
      <class name="TestNGPackage.TestAutomationNGFile">
        <test-method status="PASS" signature="launchBrowser()[pri:0, instance:TestNGPackage.TestAutomationNGFile@5c3bd550]" name="launchBrowser" is-config="true" duration-ms="19018" started-at="2018-05-24T15:27:23Z" finished-at="2018-05-24T15:27:42Z">
          <reporter-output>
          </reporter-output>
        </test-method> <!-- launchBrowser -->
        <test-method status="PASS" signature="validateLogin()[pri:0, instance:TestNGPackage.TestAutomationNGFile@5c3bd550]" name="validateLogin" duration-ms="6515" started-at="2018-05-24T15:27:42Z" finished-at="2018-05-24T15:27:49Z">
          <reporter-output>
          </reporter-output>
        </test-method> <!-- validateLogin -->
        <test-method status="PASS" signature="searchHotel()[pri:1, instance:TestNGPackage.TestAutomationNGFile@5c3bd550]" name="searchHotel" duration-ms="14333" started-at="2018-05-24T15:27:49Z" finished-at="2018-05-24T15:28:03Z">
          <reporter-output>
          </reporter-output>
        </test-method> <!-- searchHotel -->
        <test-method status="PASS" signature="selectHotel()[pri:2, instance:TestNGPackage.TestAutomationNGFile@5c3bd550]" name="selectHotel" duration-ms="10289" started-at="2018-05-24T15:28:03Z" finished-at="2018-05-24T15:28:14Z">
          <reporter-output>
          </reporter-output>
        </test-method> <!-- selectHotel -->
        <test-method status="PASS" signature="bookingConfirmation()[pri:3, instance:TestNGPackage.TestAutomationNGFile@5c3bd550]" name="bookingConfirmation" duration-ms="15089" started-at="2018-05-24T15:28:14Z" finished-at="2018-05-24T15:28:29Z">
          <reporter-output>
          </reporter-output>
        </test-method> <!-- bookingConfirmation -->
        <test-method status="PASS" signature="logout()[pri:4, instance:TestNGPackage.TestAutomationNGFile@5c3bd550]" name="logout" duration-ms="93081" started-at="2018-05-24T15:28:29Z" finished-at="2018-05-24T15:30:02Z">
          <reporter-output>
          </reporter-output>
        </test-method> <!-- logout -->
        <test-method status="PASS" signature="terminateBrowser()[pri:0, instance:TestNGPackage.TestAutomationNGFile@5c3bd550]" name="terminateBrowser" is-config="true" duration-ms="327" started-at="2018-05-24T15:30:02Z" finished-at="2018-05-24T15:30:02Z">
          <reporter-output>
          </reporter-output>
        </test-method> <!-- terminateBrowser -->
      </class> <!-- TestNGPackage.TestAutomationNGFile -->
    </test> <!-- Test -->
  </suite> <!-- Suite -->
</testng-results>
