<?xml version="1.0" encoding="UTF-8"?>
<testng-results skipped="0" failed="0" ignored="0" total="5" passed="5">
  <reporter-output>
  </reporter-output>
  <suite name="Default suite" duration-ms="83079" started-at="2018-05-30T05:50:19Z" finished-at="2018-05-30T05:51:42Z">
    <groups>
    </groups>
    <test name="Default test" duration-ms="83079" started-at="2018-05-30T05:50:19Z" finished-at="2018-05-30T05:51:42Z">
      <class name="TestNGPackage.TestAutomationNGFile">
        <test-method status="PASS" signature="launchBrowser()[pri:0, instance:TestNGPackage.TestAutomationNGFile@5c3bd550]" name="launchBrowser" is-config="true" duration-ms="15783" started-at="2018-05-30T11:20:19Z" finished-at="2018-05-30T11:20:35Z">
          <reporter-output>
          </reporter-output>
        </test-method> <!-- launchBrowser -->
        <test-method status="PASS" signature="validateLogin()[pri:0, instance:TestNGPackage.TestAutomationNGFile@5c3bd550]" name="validateLogin" duration-ms="3944" started-at="2018-05-30T11:20:35Z" finished-at="2018-05-30T11:20:39Z">
          <reporter-output>
          </reporter-output>
        </test-method> <!-- validateLogin -->
        <test-method status="PASS" signature="searchHotel()[pri:1, instance:TestNGPackage.TestAutomationNGFile@5c3bd550]" name="searchHotel" duration-ms="26303" started-at="2018-05-30T11:20:39Z" finished-at="2018-05-30T11:21:05Z">
          <reporter-output>
          </reporter-output>
        </test-method> <!-- searchHotel -->
        <test-method status="PASS" signature="selectHotel()[pri:2, instance:TestNGPackage.TestAutomationNGFile@5c3bd550]" name="selectHotel" duration-ms="4288" started-at="2018-05-30T11:21:05Z" finished-at="2018-05-30T11:21:10Z">
          <reporter-output>
          </reporter-output>
        </test-method> <!-- selectHotel -->
        <test-method status="PASS" signature="bookingConfirmation()[pri:3, instance:TestNGPackage.TestAutomationNGFile@5c3bd550]" name="bookingConfirmation" duration-ms="17110" started-at="2018-05-30T11:21:10Z" finished-at="2018-05-30T11:21:27Z">
          <reporter-output>
          </reporter-output>
        </test-method> <!-- bookingConfirmation -->
        <test-method status="PASS" signature="logout()[pri:4, instance:TestNGPackage.TestAutomationNGFile@5c3bd550]" name="logout" duration-ms="13354" started-at="2018-05-30T11:21:27Z" finished-at="2018-05-30T11:21:40Z">
          <reporter-output>
          </reporter-output>
        </test-method> <!-- logout -->
        <test-method status="PASS" signature="terminateBrowser()[pri:0, instance:TestNGPackage.TestAutomationNGFile@5c3bd550]" name="terminateBrowser" is-config="true" duration-ms="2129" started-at="2018-05-30T11:21:40Z" finished-at="2018-05-30T11:21:42Z">
          <reporter-output>
          </reporter-output>
        </test-method> <!-- terminateBrowser -->
      </class> <!-- TestNGPackage.TestAutomationNGFile -->
    </test> <!-- Default test -->
  </suite> <!-- Default suite -->
</testng-results>
