<?xml version="1.0" encoding="UTF-8"?>
<!-- Generated by org.testng.reporters.JUnitXMLReporter -->
<testsuite hostname="CHDSEZ148211L" name="Default test" tests="5" failures="0" timestamp="23 May 2018 10:12:08 GMT" time="54.98" errors="0">
  <testcase name="validateLogin" time="2.835" classname="TestNGPackage.TestAutomationNGFile"/>
  <testcase name="searchHotel" time="13.012" classname="TestNGPackage.TestAutomationNGFile"/>
  <testcase name="selectHotel" time="2.946" classname="TestNGPackage.TestAutomationNGFile"/>
  <testcase name="bookingConfirmation" time="14.274" classname="TestNGPackage.TestAutomationNGFile"/>
  <testcase name="logout" time="11.369" classname="TestNGPackage.TestAutomationNGFile"/>
</testsuite> <!-- Default test -->
