<?xml version="1.0" encoding="UTF-8"?>
<!-- Generated by org.testng.reporters.JUnitXMLReporter -->
<testsuite hostname="CHDSEZ148211L" ignored="0" name="Test" tests="5" failures="0" timestamp="24 May 2018 10:00:02 GMT" time="158.742" errors="0">
  <testcase name="validateLogin" time="6.515" classname="TestNGPackage.TestAutomationNGFile"/>
  <testcase name="searchHotel" time="14.333" classname="TestNGPackage.TestAutomationNGFile"/>
  <testcase name="selectHotel" time="10.289" classname="TestNGPackage.TestAutomationNGFile"/>
  <testcase name="bookingConfirmation" time="15.089" classname="TestNGPackage.TestAutomationNGFile"/>
  <testcase name="logout" time="93.081" classname="TestNGPackage.TestAutomationNGFile"/>
</testsuite> <!-- Test -->
